This is pdfTeX, Version 3.141592653-2.6-1.40.24 (TeX Live 2022) (preloaded format=pdflatex 2022.8.10)  11 AUG 2022 04:38
entering extended mode
 restricted \write18 enabled.
 %&-line parsing enabled.
**Course.tex
(./Course.tex
LaTeX2e <2022-06-01> patch level 5
L3 programming layer <2022-08-05>
(/opt/texlive/2022/texmf-dist/tex/latex/base/article.cls
Document Class: article 2021/10/04 v1.4n Standard LaTeX document class
(/opt/texlive/2022/texmf-dist/tex/latex/base/size12.clo
File: size12.clo 2021/10/04 v1.4n Standard LaTeX file (size option)
)
\c@part=\count185
\c@section=\count186
\c@subsection=\count187
\c@subsubsection=\count188
\c@paragraph=\count189
\c@subparagraph=\count190
\c@figure=\count191
\c@table=\count192
\abovecaptionskip=\skip47
\belowcaptionskip=\skip48
\bibindent=\dimen138
)
(/opt/texlive/2022/texmf-dist/tex/latex/base/fontenc.sty
Package: fontenc 2021/04/29 v2.0v Standard LaTeX package

(/opt/texlive/2022/texmf-dist/tex/latex/cyrillic/t2aenc.def
File: t2aenc.def 2022/06/11 v1.0j Cyrillic encoding definition file
Now handling font encoding T2A ...
... processing UTF-8 mapping file for font encoding T2A

(/opt/texlive/2022/texmf-dist/tex/latex/base/t2aenc.dfu
File: t2aenc.dfu 2022/06/07 v1.3c UTF-8 support
   defining Unicode char U+00A4 (decimal 164)
   defining Unicode char U+00A7 (decimal 167)
   defining Unicode char U+00AB (decimal 171)
   defining Unicode char U+00BB (decimal 187)
   defining Unicode char U+0131 (decimal 305)
   defining Unicode char U+0237 (decimal 567)
   defining Unicode char U+0400 (decimal 1024)
   defining Unicode char U+0401 (decimal 1025)
   defining Unicode char U+0402 (decimal 1026)
   defining Unicode char U+0403 (decimal 1027)
   defining Unicode char U+0404 (decimal 1028)
   defining Unicode char U+0405 (decimal 1029)
   defining Unicode char U+0406 (decimal 1030)
   defining Unicode char U+0407 (decimal 1031)
   defining Unicode char U+0408 (decimal 1032)
   defining Unicode char U+0409 (decimal 1033)
   defining Unicode char U+040A (decimal 1034)
   defining Unicode char U+040B (decimal 1035)
   defining Unicode char U+040C (decimal 1036)
   defining Unicode char U+040D (decimal 1037)
   defining Unicode char U+040E (decimal 1038)
   defining Unicode char U+040F (decimal 1039)
   defining Unicode char U+0410 (decimal 1040)
   defining Unicode char U+0411 (decimal 1041)
   defining Unicode char U+0412 (decimal 1042)
   defining Unicode char U+0413 (decimal 1043)
   defining Unicode char U+0414 (decimal 1044)
   defining Unicode char U+0415 (decimal 1045)
   defining Unicode char U+0416 (decimal 1046)
   defining Unicode char U+0417 (decimal 1047)
   defining Unicode char U+0418 (decimal 1048)
   defining Unicode char U+0419 (decimal 1049)
   defining Unicode char U+041A (decimal 1050)
   defining Unicode char U+041B (decimal 1051)
   defining Unicode char U+041C (decimal 1052)
   defining Unicode char U+041D (decimal 1053)
   defining Unicode char U+041E (decimal 1054)
   defining Unicode char U+041F (decimal 1055)
   defining Unicode char U+0420 (decimal 1056)
   defining Unicode char U+0421 (decimal 1057)
   defining Unicode char U+0422 (decimal 1058)
   defining Unicode char U+0423 (decimal 1059)
   defining Unicode char U+0424 (decimal 1060)
   defining Unicode char U+0425 (decimal 1061)
   defining Unicode char U+0426 (decimal 1062)
   defining Unicode char U+0427 (decimal 1063)
   defining Unicode char U+0428 (decimal 1064)
   defining Unicode char U+0429 (decimal 1065)
   defining Unicode char U+042A (decimal 1066)
   defining Unicode char U+042B (decimal 1067)
   defining Unicode char U+042C (decimal 1068)
   defining Unicode char U+042D (decimal 1069)
   defining Unicode char U+042E (decimal 1070)
   defining Unicode char U+042F (decimal 1071)
   defining Unicode char U+0430 (decimal 1072)
   defining Unicode char U+0431 (decimal 1073)
   defining Unicode char U+0432 (decimal 1074)
   defining Unicode char U+0433 (decimal 1075)
   defining Unicode char U+0434 (decimal 1076)
   defining Unicode char U+0435 (decimal 1077)
   defining Unicode char U+0436 (decimal 1078)
   defining Unicode char U+0437 (decimal 1079)
   defining Unicode char U+0438 (decimal 1080)
   defining Unicode char U+0439 (decimal 1081)
   defining Unicode char U+043A (decimal 1082)
   defining Unicode char U+043B (decimal 1083)
   defining Unicode char U+043C (decimal 1084)
   defining Unicode char U+043D (decimal 1085)
   defining Unicode char U+043E (decimal 1086)
   defining Unicode char U+043F (decimal 1087)
   defining Unicode char U+0440 (decimal 1088)
   defining Unicode char U+0441 (decimal 1089)
   defining Unicode char U+0442 (decimal 1090)
   defining Unicode char U+0443 (decimal 1091)
   defining Unicode char U+0444 (decimal 1092)
   defining Unicode char U+0445 (decimal 1093)
   defining Unicode char U+0446 (decimal 1094)
   defining Unicode char U+0447 (decimal 1095)
   defining Unicode char U+0448 (decimal 1096)
   defining Unicode char U+0449 (decimal 1097)
   defining Unicode char U+044A (decimal 1098)
   defining Unicode char U+044B (decimal 1099)
   defining Unicode char U+044C (decimal 1100)
   defining Unicode char U+044D (decimal 1101)
   defining Unicode char U+044E (decimal 1102)
   defining Unicode char U+044F (decimal 1103)
   defining Unicode char U+0450 (decimal 1104)
   defining Unicode char U+0451 (decimal 1105)
   defining Unicode char U+0452 (decimal 1106)
   defining Unicode char U+0453 (decimal 1107)
   defining Unicode char U+0454 (decimal 1108)
   defining Unicode char U+0455 (decimal 1109)
   defining Unicode char U+0456 (decimal 1110)
   defining Unicode char U+0457 (decimal 1111)
   defining Unicode char U+0458 (decimal 1112)
   defining Unicode char U+0459 (decimal 1113)
   defining Unicode char U+045A (decimal 1114)
   defining Unicode char U+045B (decimal 1115)
   defining Unicode char U+045C (decimal 1116)
   defining Unicode char U+045D (decimal 1117)
   defining Unicode char U+045E (decimal 1118)
   defining Unicode char U+045F (decimal 1119)
   defining Unicode char U+0490 (decimal 1168)
   defining Unicode char U+0491 (decimal 1169)
   defining Unicode char U+0492 (decimal 1170)
   defining Unicode char U+0493 (decimal 1171)
   defining Unicode char U+0496 (decimal 1174)
   defining Unicode char U+0497 (decimal 1175)
   defining Unicode char U+0498 (decimal 1176)
   defining Unicode char U+0499 (decimal 1177)
   defining Unicode char U+049A (decimal 1178)
   defining Unicode char U+049B (decimal 1179)
   defining Unicode char U+049C (decimal 1180)
   defining Unicode char U+049D (decimal 1181)
   defining Unicode char U+04A0 (decimal 1184)
   defining Unicode char U+04A1 (decimal 1185)
   defining Unicode char U+04A2 (decimal 1186)
   defining Unicode char U+04A3 (decimal 1187)
   defining Unicode char U+04A4 (decimal 1188)
   defining Unicode char U+04A5 (decimal 1189)
   defining Unicode char U+04AA (decimal 1194)
   defining Unicode char U+04AB (decimal 1195)
   defining Unicode char U+04AE (decimal 1198)
   defining Unicode char U+04AF (decimal 1199)
   defining Unicode char U+04B0 (decimal 1200)
   defining Unicode char U+04B1 (decimal 1201)
   defining Unicode char U+04B2 (decimal 1202)
   defining Unicode char U+04B3 (decimal 1203)
   defining Unicode char U+04B6 (decimal 1206)
   defining Unicode char U+04B7 (decimal 1207)
   defining Unicode char U+04B8 (decimal 1208)
   defining Unicode char U+04B9 (decimal 1209)
   defining Unicode char U+04BA (decimal 1210)
   defining Unicode char U+04BB (decimal 1211)
   defining Unicode char U+04C0 (decimal 1216)
   defining Unicode char U+04C1 (decimal 1217)
   defining Unicode char U+04C2 (decimal 1218)
   defining Unicode char U+04D0 (decimal 1232)
   defining Unicode char U+04D1 (decimal 1233)
   defining Unicode char U+04D2 (decimal 1234)
   defining Unicode char U+04D3 (decimal 1235)
   defining Unicode char U+04D4 (decimal 1236)
   defining Unicode char U+04D5 (decimal 1237)
   defining Unicode char U+04D6 (decimal 1238)
   defining Unicode char U+04D7 (decimal 1239)
   defining Unicode char U+04D8 (decimal 1240)
   defining Unicode char U+04D9 (decimal 1241)
   defining Unicode char U+04DA (decimal 1242)
   defining Unicode char U+04DB (decimal 1243)
   defining Unicode char U+04DC (decimal 1244)
   defining Unicode char U+04DD (decimal 1245)
   defining Unicode char U+04DE (decimal 1246)
   defining Unicode char U+04DF (decimal 1247)
   defining Unicode char U+04E2 (decimal 1250)
   defining Unicode char U+04E3 (decimal 1251)
   defining Unicode char U+04E4 (decimal 1252)
   defining Unicode char U+04E5 (decimal 1253)
   defining Unicode char U+04E6 (decimal 1254)
   defining Unicode char U+04E7 (decimal 1255)
   defining Unicode char U+04E8 (decimal 1256)
   defining Unicode char U+04E9 (decimal 1257)
   defining Unicode char U+04EC (decimal 1260)
   defining Unicode char U+04ED (decimal 1261)
   defining Unicode char U+04EE (decimal 1262)
   defining Unicode char U+04EF (decimal 1263)
   defining Unicode char U+04F0 (decimal 1264)
   defining Unicode char U+04F1 (decimal 1265)
   defining Unicode char U+04F2 (decimal 1266)
   defining Unicode char U+04F3 (decimal 1267)
   defining Unicode char U+04F4 (decimal 1268)
   defining Unicode char U+04F5 (decimal 1269)
   defining Unicode char U+04F8 (decimal 1272)
   defining Unicode char U+04F9 (decimal 1273)
   defining Unicode char U+200C (decimal 8204)
   defining Unicode char U+2013 (decimal 8211)
   defining Unicode char U+2014 (decimal 8212)
   defining Unicode char U+2018 (decimal 8216)
   defining Unicode char U+2019 (decimal 8217)
   defining Unicode char U+201C (decimal 8220)
   defining Unicode char U+201D (decimal 8221)
   defining Unicode char U+201E (decimal 8222)
   defining Unicode char U+2030 (decimal 8240)
   defining Unicode char U+2031 (decimal 8241)
   defining Unicode char U+2116 (decimal 8470)
   defining Unicode char U+2329 (decimal 9001)
   defining Unicode char U+3008 (decimal 12296)
   defining Unicode char U+232A (decimal 9002)
   defining Unicode char U+3009 (decimal 12297)
   defining Unicode char U+2423 (decimal 9251)
   defining Unicode char U+27E8 (decimal 10216)
   defining Unicode char U+27E9 (decimal 10217)
   defining Unicode char U+FB00 (decimal 64256)
   defining Unicode char U+FB01 (decimal 64257)
   defining Unicode char U+FB02 (decimal 64258)
   defining Unicode char U+FB03 (decimal 64259)
   defining Unicode char U+FB04 (decimal 64260)
   defining Unicode char U+FB05 (decimal 64261)
   defining Unicode char U+FB06 (decimal 64262)
))
LaTeX Font Info:    Trying to load font information for T2A+cmr on input line 1
12.

(/opt/texlive/2022/texmf-dist/tex/latex/cyrillic/t2acmr.fd
File: t2acmr.fd 2001/08/11 v1.0a Computer Modern Cyrillic font definitions
))
(/opt/texlive/2022/texmf-dist/tex/latex/base/inputenc.sty
Package: inputenc 2021/02/14 v1.3d Input encoding file
\inpenc@prehook=\toks16
\inpenc@posthook=\toks17
)
(/opt/texlive/2022/texmf-dist/tex/generic/babel/babel.sty
Package: babel 2022/07/20 3.78 The Babel package
\babel@savecnt=\count193
\U@D=\dimen139
\l@unhyphenated=\language87

(/opt/texlive/2022/texmf-dist/tex/generic/babel/txtbabel.def)
\bbl@readstream=\read2
\bbl@dirlevel=\count194

(/opt/texlive/2022/texmf-dist/tex/generic/babel-russian/russianb.ldf
File: russianb.ldf 2021/01/10 1.3m Russian support for the Babel system
Language: russian 2020/09/09 1.3k Russian support for the Babel system
Package babel Info: Making " an active character on input line 124.
Package babel Info: Default for \cyrdash is provided on input line 163.
)
(/opt/texlive/2022/texmf-dist/tex/generic/babel-english/english.ldf
Language: english 2017/06/06 v3.3r English support from the babel system
Package babel Info: Hyphen rules for 'canadian' set to \l@english
(babel)             (\language0). Reported on input line 102.
Package babel Info: Hyphen rules for 'australian' set to \l@ukenglish
(babel)             (\language21). Reported on input line 105.
Package babel Info: Hyphen rules for 'newzealand' set to \l@ukenglish
(babel)             (\language21). Reported on input line 108.
))
(/opt/texlive/2022/texmf-dist/tex/generic/babel/locale/en/babel-english.tex
Package babel Info: Importing font and identification data for english
(babel)             from babel-en.ini. Reported on input line 11.
)
(/opt/texlive/2022/texmf-dist/tex/generic/babel/locale/ru/babel-russian.tex
Package babel Info: Importing font and identification data for russian
(babel)             from babel-ru.ini. Reported on input line 11.
)
(/opt/texlive/2022/texmf-dist/tex/latex/amsmath/amsmath.sty
Package: amsmath 2022/04/08 v2.17n AMS math features
\@mathmargin=\skip49

For additional information on amsmath, use the `?' option.
(/opt/texlive/2022/texmf-dist/tex/latex/amsmath/amstext.sty
Package: amstext 2021/08/26 v2.01 AMS text

(/opt/texlive/2022/texmf-dist/tex/latex/amsmath/amsgen.sty
File: amsgen.sty 1999/11/30 v2.0 generic functions
\@emptytoks=\toks18
\ex@=\dimen140
))
(/opt/texlive/2022/texmf-dist/tex/latex/amsmath/amsbsy.sty
Package: amsbsy 1999/11/29 v1.2d Bold Symbols
\pmbraise@=\dimen141
)
(/opt/texlive/2022/texmf-dist/tex/latex/amsmath/amsopn.sty
Package: amsopn 2022/04/08 v2.04 operator names
)
\inf@bad=\count195
LaTeX Info: Redefining \frac on input line 234.
\uproot@=\count196
\leftroot@=\count197
LaTeX Info: Redefining \overline on input line 399.
LaTeX Info: Redefining \colon on input line 410.
\classnum@=\count198
\DOTSCASE@=\count199
LaTeX Info: Redefining \ldots on input line 496.
LaTeX Info: Redefining \dots on input line 499.
LaTeX Info: Redefining \cdots on input line 620.
\Mathstrutbox@=\box51
\strutbox@=\box52
LaTeX Info: Redefining \big on input line 722.
LaTeX Info: Redefining \Big on input line 723.
LaTeX Info: Redefining \bigg on input line 724.
LaTeX Info: Redefining \Bigg on input line 725.
\big@size=\dimen142
LaTeX Font Info:    Redeclaring font encoding OML on input line 743.
LaTeX Font Info:    Redeclaring font encoding OMS on input line 744.
\macc@depth=\count266
LaTeX Info: Redefining \bmod on input line 905.
LaTeX Info: Redefining \pmod on input line 910.
LaTeX Info: Redefining \smash on input line 940.
LaTeX Info: Redefining \relbar on input line 970.
LaTeX Info: Redefining \Relbar on input line 971.
\c@MaxMatrixCols=\count267
\dotsspace@=\muskip16
\c@parentequation=\count268
\dspbrk@lvl=\count269
\tag@help=\toks19
\row@=\count270
\column@=\count271
\maxfields@=\count272
\andhelp@=\toks20
\eqnshift@=\dimen143
\alignsep@=\dimen144
\tagshift@=\dimen145
\tagwidth@=\dimen146
\totwidth@=\dimen147
\lineht@=\dimen148
\@envbody=\toks21
\multlinegap=\skip50
\multlinetaggap=\skip51
\mathdisplay@stack=\toks22
LaTeX Info: Redefining \[ on input line 2953.
LaTeX Info: Redefining \] on input line 2954.
)
(/opt/texlive/2022/texmf-dist/tex/latex/amsfonts/amssymb.sty
Package: amssymb 2013/01/14 v3.01 AMS font symbols

(/opt/texlive/2022/texmf-dist/tex/latex/amsfonts/amsfonts.sty
Package: amsfonts 2013/01/14 v3.01 Basic AMSFonts support
\symAMSa=\mathgroup4
\symAMSb=\mathgroup5
LaTeX Font Info:    Redeclaring math symbol \hbar on input line 98.
LaTeX Font Info:    Overwriting math alphabet `\mathfrak' in version `bold'
(Font)                  U/euf/m/n --> U/euf/b/n on input line 106.
))
(/opt/texlive/2022/texmf-dist/tex/latex/amscls/amsthm.sty
Package: amsthm 2020/05/29 v2.20.6
\thm@style=\toks23
\thm@bodyfont=\toks24
\thm@headfont=\toks25
\thm@notefont=\toks26
\thm@headpunct=\toks27
\thm@preskip=\skip52
\thm@postskip=\skip53
\thm@headsep=\skip54
\dth@everypar=\toks28
)
(/opt/texlive/2022/texmf-dist/tex/latex/graphics/color.sty
Package: color 2022/01/06 v1.3d Standard LaTeX Color (DPC)

(/opt/texlive/2022/texmf-dist/tex/latex/graphics-cfg/color.cfg
File: color.cfg 2016/01/02 v1.6 sample color configuration
)
Package color Info: Driver file: pdftex.def on input line 149.

(/opt/texlive/2022/texmf-dist/tex/latex/graphics-def/pdftex.def
File: pdftex.def 2020/10/05 v1.2a Graphics/color driver for pdftex
)
(/opt/texlive/2022/texmf-dist/tex/latex/graphics/mathcolor.ltx))
(/opt/texlive/2022/texmf-dist/tex/latex/pgf/frontendlayer/tikz.sty
(/opt/texlive/2022/texmf-dist/tex/latex/pgf/basiclayer/pgf.sty
(/opt/texlive/2022/texmf-dist/tex/latex/pgf/utilities/pgfrcs.sty
(/opt/texlive/2022/texmf-dist/tex/generic/pgf/utilities/pgfutil-common.tex
\pgfutil@everybye=\toks29
\pgfutil@tempdima=\dimen149
\pgfutil@tempdimb=\dimen150

(/opt/texlive/2022/texmf-dist/tex/generic/pgf/utilities/pgfutil-common-lists.te
x)) (/opt/texlive/2022/texmf-dist/tex/generic/pgf/utilities/pgfutil-latex.def
\pgfutil@abb=\box53
)
(/opt/texlive/2022/texmf-dist/tex/generic/pgf/utilities/pgfrcs.code.tex
(/opt/texlive/2022/texmf-dist/tex/generic/pgf/pgf.revision.tex)
Package: pgfrcs 2021/05/15 v3.1.9a (3.1.9a)
))
Package: pgf 2021/05/15 v3.1.9a (3.1.9a)

(/opt/texlive/2022/texmf-dist/tex/latex/pgf/basiclayer/pgfcore.sty
(/opt/texlive/2022/texmf-dist/tex/latex/graphics/graphicx.sty
Package: graphicx 2021/09/16 v1.2d Enhanced LaTeX Graphics (DPC,SPQR)

(/opt/texlive/2022/texmf-dist/tex/latex/graphics/keyval.sty
Package: keyval 2022/05/29 v1.15 key=value parser (DPC)
\KV@toks@=\toks30
)
(/opt/texlive/2022/texmf-dist/tex/latex/graphics/graphics.sty
Package: graphics 2022/03/10 v1.4e Standard LaTeX Graphics (DPC,SPQR)

(/opt/texlive/2022/texmf-dist/tex/latex/graphics/trig.sty
Package: trig 2021/08/11 v1.11 sin cos tan (DPC)
)
(/opt/texlive/2022/texmf-dist/tex/latex/graphics-cfg/graphics.cfg
File: graphics.cfg 2016/06/04 v1.11 sample graphics configuration
)
Package graphics Info: Driver file: pdftex.def on input line 107.
)
\Gin@req@height=\dimen151
\Gin@req@width=\dimen152
)
(/opt/texlive/2022/texmf-dist/tex/latex/pgf/systemlayer/pgfsys.sty
(/opt/texlive/2022/texmf-dist/tex/generic/pgf/systemlayer/pgfsys.code.tex
Package: pgfsys 2021/05/15 v3.1.9a (3.1.9a)

(/opt/texlive/2022/texmf-dist/tex/generic/pgf/utilities/pgfkeys.code.tex
\pgfkeys@pathtoks=\toks31
\pgfkeys@temptoks=\toks32

(/opt/texlive/2022/texmf-dist/tex/generic/pgf/utilities/pgfkeysfiltered.code.te
x
\pgfkeys@tmptoks=\toks33
))
\pgf@x=\dimen153
\pgf@y=\dimen154
\pgf@xa=\dimen155
\pgf@ya=\dimen156
\pgf@xb=\dimen157
\pgf@yb=\dimen158
\pgf@xc=\dimen159
\pgf@yc=\dimen160
\pgf@xd=\dimen161
\pgf@yd=\dimen162
\w@pgf@writea=\write3
\r@pgf@reada=\read3
\c@pgf@counta=\count273
\c@pgf@countb=\count274
\c@pgf@countc=\count275
\c@pgf@countd=\count276
\t@pgf@toka=\toks34
\t@pgf@tokb=\toks35
\t@pgf@tokc=\toks36
\pgf@sys@id@count=\count277
 (/opt/texlive/2022/texmf-dist/tex/generic/pgf/systemlayer/pgf.cfg
File: pgf.cfg 2021/05/15 v3.1.9a (3.1.9a)
)
Driver file for pgf: pgfsys-pdftex.def

(/opt/texlive/2022/texmf-dist/tex/generic/pgf/systemlayer/pgfsys-pdftex.def
File: pgfsys-pdftex.def 2021/05/15 v3.1.9a (3.1.9a)

(/opt/texlive/2022/texmf-dist/tex/generic/pgf/systemlayer/pgfsys-common-pdf.def
File: pgfsys-common-pdf.def 2021/05/15 v3.1.9a (3.1.9a)
)))
(/opt/texlive/2022/texmf-dist/tex/generic/pgf/systemlayer/pgfsyssoftpath.code.t
ex
File: pgfsyssoftpath.code.tex 2021/05/15 v3.1.9a (3.1.9a)
\pgfsyssoftpath@smallbuffer@items=\count278
\pgfsyssoftpath@bigbuffer@items=\count279
)
(/opt/texlive/2022/texmf-dist/tex/generic/pgf/systemlayer/pgfsysprotocol.code.t
ex
File: pgfsysprotocol.code.tex 2021/05/15 v3.1.9a (3.1.9a)
)) (/opt/texlive/2022/texmf-dist/tex/latex/xcolor/xcolor.sty
Package: xcolor 2022/06/12 v2.14 LaTeX color extensions (UK)

(/opt/texlive/2022/texmf-dist/tex/latex/graphics-cfg/color.cfg
File: color.cfg 2016/01/02 v1.6 sample color configuration
)
Package xcolor Info: Driver file: pdftex.def on input line 227.
LaTeX Info: Redefining \color on input line 711.

(/opt/texlive/2022/texmf-dist/tex/latex/graphics/mathcolor.ltx)
Package xcolor Info: Model `cmy' substituted by `cmy0' on input line 1353.
Package xcolor Info: Model `hsb' substituted by `rgb' on input line 1357.
Package xcolor Info: Model `RGB' extended on input line 1369.
Package xcolor Info: Model `HTML' substituted by `rgb' on input line 1371.
Package xcolor Info: Model `Hsb' substituted by `hsb' on input line 1372.
Package xcolor Info: Model `tHsb' substituted by `hsb' on input line 1373.
Package xcolor Info: Model `HSB' substituted by `hsb' on input line 1374.
Package xcolor Info: Model `Gray' substituted by `gray' on input line 1375.
Package xcolor Info: Model `wave' substituted by `hsb' on input line 1376.
)
(/opt/texlive/2022/texmf-dist/tex/generic/pgf/basiclayer/pgfcore.code.tex
Package: pgfcore 2021/05/15 v3.1.9a (3.1.9a)

(/opt/texlive/2022/texmf-dist/tex/generic/pgf/math/pgfmath.code.tex
(/opt/texlive/2022/texmf-dist/tex/generic/pgf/math/pgfmathcalc.code.tex
(/opt/texlive/2022/texmf-dist/tex/generic/pgf/math/pgfmathutil.code.tex)
(/opt/texlive/2022/texmf-dist/tex/generic/pgf/math/pgfmathparser.code.tex
\pgfmath@dimen=\dimen163
\pgfmath@count=\count280
\pgfmath@box=\box54
\pgfmath@toks=\toks37
\pgfmath@stack@operand=\toks38
\pgfmath@stack@operation=\toks39
)
(/opt/texlive/2022/texmf-dist/tex/generic/pgf/math/pgfmathfunctions.code.tex
(/opt/texlive/2022/texmf-dist/tex/generic/pgf/math/pgfmathfunctions.basic.code.
tex)
(/opt/texlive/2022/texmf-dist/tex/generic/pgf/math/pgfmathfunctions.trigonometr
ic.code.tex)
(/opt/texlive/2022/texmf-dist/tex/generic/pgf/math/pgfmathfunctions.random.code
.tex)
(/opt/texlive/2022/texmf-dist/tex/generic/pgf/math/pgfmathfunctions.comparison.
code.tex)
(/opt/texlive/2022/texmf-dist/tex/generic/pgf/math/pgfmathfunctions.base.code.t
ex)
(/opt/texlive/2022/texmf-dist/tex/generic/pgf/math/pgfmathfunctions.round.code.
tex)
(/opt/texlive/2022/texmf-dist/tex/generic/pgf/math/pgfmathfunctions.misc.code.t
ex)
(/opt/texlive/2022/texmf-dist/tex/generic/pgf/math/pgfmathfunctions.integerarit
hmetics.code.tex)))
(/opt/texlive/2022/texmf-dist/tex/generic/pgf/math/pgfmathfloat.code.tex
\c@pgfmathroundto@lastzeros=\count281
))
(/opt/texlive/2022/texmf-dist/tex/generic/pgf/math/pgfint.code.tex)
(/opt/texlive/2022/texmf-dist/tex/generic/pgf/basiclayer/pgfcorepoints.code.tex
File: pgfcorepoints.code.tex 2021/05/15 v3.1.9a (3.1.9a)
\pgf@picminx=\dimen164
\pgf@picmaxx=\dimen165
\pgf@picminy=\dimen166
\pgf@picmaxy=\dimen167
\pgf@pathminx=\dimen168
\pgf@pathmaxx=\dimen169
\pgf@pathminy=\dimen170
\pgf@pathmaxy=\dimen171
\pgf@xx=\dimen172
\pgf@xy=\dimen173
\pgf@yx=\dimen174
\pgf@yy=\dimen175
\pgf@zx=\dimen176
\pgf@zy=\dimen177
)
(/opt/texlive/2022/texmf-dist/tex/generic/pgf/basiclayer/pgfcorepathconstruct.c
ode.tex
File: pgfcorepathconstruct.code.tex 2021/05/15 v3.1.9a (3.1.9a)
\pgf@path@lastx=\dimen178
\pgf@path@lasty=\dimen179
)
(/opt/texlive/2022/texmf-dist/tex/generic/pgf/basiclayer/pgfcorepathusage.code.
tex
File: pgfcorepathusage.code.tex 2021/05/15 v3.1.9a (3.1.9a)
\pgf@shorten@end@additional=\dimen180
\pgf@shorten@start@additional=\dimen181
)
(/opt/texlive/2022/texmf-dist/tex/generic/pgf/basiclayer/pgfcorescopes.code.tex
File: pgfcorescopes.code.tex 2021/05/15 v3.1.9a (3.1.9a)
\pgfpic=\box55
\pgf@hbox=\box56
\pgf@layerbox@main=\box57
\pgf@picture@serial@count=\count282
)
(/opt/texlive/2022/texmf-dist/tex/generic/pgf/basiclayer/pgfcoregraphicstate.co
de.tex
File: pgfcoregraphicstate.code.tex 2021/05/15 v3.1.9a (3.1.9a)
\pgflinewidth=\dimen182
)
(/opt/texlive/2022/texmf-dist/tex/generic/pgf/basiclayer/pgfcoretransformations
.code.tex
File: pgfcoretransformations.code.tex 2021/05/15 v3.1.9a (3.1.9a)
\pgf@pt@x=\dimen183
\pgf@pt@y=\dimen184
\pgf@pt@temp=\dimen185
)
(/opt/texlive/2022/texmf-dist/tex/generic/pgf/basiclayer/pgfcorequick.code.tex
File: pgfcorequick.code.tex 2021/05/15 v3.1.9a (3.1.9a)
)
(/opt/texlive/2022/texmf-dist/tex/generic/pgf/basiclayer/pgfcoreobjects.code.te
x
File: pgfcoreobjects.code.tex 2021/05/15 v3.1.9a (3.1.9a)
)
(/opt/texlive/2022/texmf-dist/tex/generic/pgf/basiclayer/pgfcorepathprocessing.
code.tex
File: pgfcorepathprocessing.code.tex 2021/05/15 v3.1.9a (3.1.9a)
)
(/opt/texlive/2022/texmf-dist/tex/generic/pgf/basiclayer/pgfcorearrows.code.tex
File: pgfcorearrows.code.tex 2021/05/15 v3.1.9a (3.1.9a)
\pgfarrowsep=\dimen186
)
(/opt/texlive/2022/texmf-dist/tex/generic/pgf/basiclayer/pgfcoreshade.code.tex
File: pgfcoreshade.code.tex 2021/05/15 v3.1.9a (3.1.9a)
\pgf@max=\dimen187
\pgf@sys@shading@range@num=\count283
\pgf@shadingcount=\count284
) (/opt/texlive/2022/texmf-dist/tex/generic/pgf/basiclayer/pgfcoreimage.code.te
x
File: pgfcoreimage.code.tex 2021/05/15 v3.1.9a (3.1.9a)

(/opt/texlive/2022/texmf-dist/tex/generic/pgf/basiclayer/pgfcoreexternal.code.t
ex
File: pgfcoreexternal.code.tex 2021/05/15 v3.1.9a (3.1.9a)
\pgfexternal@startupbox=\box58
))
(/opt/texlive/2022/texmf-dist/tex/generic/pgf/basiclayer/pgfcorelayers.code.tex
File: pgfcorelayers.code.tex 2021/05/15 v3.1.9a (3.1.9a)
)
(/opt/texlive/2022/texmf-dist/tex/generic/pgf/basiclayer/pgfcoretransparency.co
de.tex
File: pgfcoretransparency.code.tex 2021/05/15 v3.1.9a (3.1.9a)
)
(/opt/texlive/2022/texmf-dist/tex/generic/pgf/basiclayer/pgfcorepatterns.code.t
ex
File: pgfcorepatterns.code.tex 2021/05/15 v3.1.9a (3.1.9a)
)
(/opt/texlive/2022/texmf-dist/tex/generic/pgf/basiclayer/pgfcorerdf.code.tex
File: pgfcorerdf.code.tex 2021/05/15 v3.1.9a (3.1.9a)
))) (/opt/texlive/2022/texmf-dist/tex/generic/pgf/modules/pgfmoduleshapes.code.
tex
File: pgfmoduleshapes.code.tex 2021/05/15 v3.1.9a (3.1.9a)
\pgfnodeparttextbox=\box59
) (/opt/texlive/2022/texmf-dist/tex/generic/pgf/modules/pgfmoduleplot.code.tex
File: pgfmoduleplot.code.tex 2021/05/15 v3.1.9a (3.1.9a)
)
(/opt/texlive/2022/texmf-dist/tex/latex/pgf/compatibility/pgfcomp-version-0-65.
sty
Package: pgfcomp-version-0-65 2021/05/15 v3.1.9a (3.1.9a)
\pgf@nodesepstart=\dimen188
\pgf@nodesepend=\dimen189
)
(/opt/texlive/2022/texmf-dist/tex/latex/pgf/compatibility/pgfcomp-version-1-18.
sty
Package: pgfcomp-version-1-18 2021/05/15 v3.1.9a (3.1.9a)
)) (/opt/texlive/2022/texmf-dist/tex/latex/pgf/utilities/pgffor.sty
(/opt/texlive/2022/texmf-dist/tex/latex/pgf/utilities/pgfkeys.sty
(/opt/texlive/2022/texmf-dist/tex/generic/pgf/utilities/pgfkeys.code.tex))
(/opt/texlive/2022/texmf-dist/tex/latex/pgf/math/pgfmath.sty
(/opt/texlive/2022/texmf-dist/tex/generic/pgf/math/pgfmath.code.tex))
(/opt/texlive/2022/texmf-dist/tex/generic/pgf/utilities/pgffor.code.tex
Package: pgffor 2021/05/15 v3.1.9a (3.1.9a)

(/opt/texlive/2022/texmf-dist/tex/generic/pgf/math/pgfmath.code.tex)
\pgffor@iter=\dimen190
\pgffor@skip=\dimen191
\pgffor@stack=\toks40
\pgffor@toks=\toks41
))
(/opt/texlive/2022/texmf-dist/tex/generic/pgf/frontendlayer/tikz/tikz.code.tex
Package: tikz 2021/05/15 v3.1.9a (3.1.9a)

(/opt/texlive/2022/texmf-dist/tex/generic/pgf/libraries/pgflibraryplothandlers.
code.tex
File: pgflibraryplothandlers.code.tex 2021/05/15 v3.1.9a (3.1.9a)
\pgf@plot@mark@count=\count285
\pgfplotmarksize=\dimen192
)
\tikz@lastx=\dimen193
\tikz@lasty=\dimen194
\tikz@lastxsaved=\dimen195
\tikz@lastysaved=\dimen196
\tikz@lastmovetox=\dimen197
\tikz@lastmovetoy=\dimen198
\tikzleveldistance=\dimen199
\tikzsiblingdistance=\dimen256
\tikz@figbox=\box60
\tikz@figbox@bg=\box61
\tikz@tempbox=\box62
\tikz@tempbox@bg=\box63
\tikztreelevel=\count286
\tikznumberofchildren=\count287
\tikznumberofcurrentchild=\count288
\tikz@fig@count=\count289

(/opt/texlive/2022/texmf-dist/tex/generic/pgf/modules/pgfmodulematrix.code.tex
File: pgfmodulematrix.code.tex 2021/05/15 v3.1.9a (3.1.9a)
\pgfmatrixcurrentrow=\count290
\pgfmatrixcurrentcolumn=\count291
\pgf@matrix@numberofcolumns=\count292
)
\tikz@expandcount=\count293

(/opt/texlive/2022/texmf-dist/tex/generic/pgf/frontendlayer/tikz/libraries/tikz
librarytopaths.code.tex
File: tikzlibrarytopaths.code.tex 2021/05/15 v3.1.9a (3.1.9a)
)))
(/opt/texlive/2022/texmf-dist/tex/latex/comment/comment.sty
\CommentStream=\write4

Excluding comment 'comment')
(/opt/texlive/2022/texmf-dist/tex/latex/hyperref/hyperref.sty
Package: hyperref 2022-06-20 v7.00s Hypertext links for LaTeX

(/opt/texlive/2022/texmf-dist/tex/generic/ltxcmds/ltxcmds.sty
Package: ltxcmds 2020-05-10 v1.25 LaTeX kernel commands for general use (HO)
)
(/opt/texlive/2022/texmf-dist/tex/generic/iftex/iftex.sty
Package: iftex 2022/02/03 v1.0f TeX engine tests
)
(/opt/texlive/2022/texmf-dist/tex/generic/pdftexcmds/pdftexcmds.sty
Package: pdftexcmds 2020-06-27 v0.33 Utility functions of pdfTeX for LuaTeX (HO
)

(/opt/texlive/2022/texmf-dist/tex/generic/infwarerr/infwarerr.sty
Package: infwarerr 2019/12/03 v1.5 Providing info/warning/error messages (HO)
)
Package pdftexcmds Info: \pdf@primitive is available.
Package pdftexcmds Info: \pdf@ifprimitive is available.
Package pdftexcmds Info: \pdfdraftmode found.
)
(/opt/texlive/2022/texmf-dist/tex/generic/kvsetkeys/kvsetkeys.sty
Package: kvsetkeys 2019/12/15 v1.18 Key value parser (HO)
)
(/opt/texlive/2022/texmf-dist/tex/generic/kvdefinekeys/kvdefinekeys.sty
Package: kvdefinekeys 2019-12-19 v1.6 Define keys (HO)
)
(/opt/texlive/2022/texmf-dist/tex/generic/pdfescape/pdfescape.sty
Package: pdfescape 2019/12/09 v1.15 Implements pdfTeX's escape features (HO)
)
(/opt/texlive/2022/texmf-dist/tex/latex/hycolor/hycolor.sty
Package: hycolor 2020-01-27 v1.10 Color options for hyperref/bookmark (HO)
)
(/opt/texlive/2022/texmf-dist/tex/latex/letltxmacro/letltxmacro.sty
Package: letltxmacro 2019/12/03 v1.6 Let assignment for LaTeX macros (HO)
)
(/opt/texlive/2022/texmf-dist/tex/latex/auxhook/auxhook.sty
Package: auxhook 2019-12-17 v1.6 Hooks for auxiliary files (HO)
)
(/opt/texlive/2022/texmf-dist/tex/latex/hyperref/nameref.sty
Package: nameref 2022-05-17 v2.50 Cross-referencing by name of section

(/opt/texlive/2022/texmf-dist/tex/latex/refcount/refcount.sty
Package: refcount 2019/12/15 v3.6 Data extraction from label references (HO)
)
(/opt/texlive/2022/texmf-dist/tex/generic/gettitlestring/gettitlestring.sty
Package: gettitlestring 2019/12/15 v1.6 Cleanup title references (HO)

(/opt/texlive/2022/texmf-dist/tex/latex/kvoptions/kvoptions.sty
Package: kvoptions 2022-06-15 v3.15 Key value format for package options (HO)
))
\c@section@level=\count294
)
\@linkdim=\dimen257
\Hy@linkcounter=\count295
\Hy@pagecounter=\count296

(/opt/texlive/2022/texmf-dist/tex/latex/hyperref/pd1enc.def
File: pd1enc.def 2022-06-20 v7.00s Hyperref: PDFDocEncoding definition (HO)
Now handling font encoding PD1 ...
... no UTF-8 mapping file for font encoding PD1
)
(/opt/texlive/2022/texmf-dist/tex/generic/intcalc/intcalc.sty
Package: intcalc 2019/12/15 v1.3 Expandable calculations with integers (HO)
)
(/opt/texlive/2022/texmf-dist/tex/generic/etexcmds/etexcmds.sty
Package: etexcmds 2019/12/15 v1.7 Avoid name clashes with e-TeX commands (HO)
)
\Hy@SavedSpaceFactor=\count297

(/opt/texlive/2022/texmf-dist/tex/latex/hyperref/puenc.def
File: puenc.def 2022-06-20 v7.00s Hyperref: PDF Unicode definition (HO)
Now handling font encoding PU ...
... no UTF-8 mapping file for font encoding PU
)
Package hyperref Info: Option `unicode' set `true' on input line 3149.
Package hyperref Info: Hyper figures OFF on input line 4162.
Package hyperref Info: Link nesting OFF on input line 4167.
Package hyperref Info: Hyper index ON on input line 4170.
Package hyperref Info: Plain pages OFF on input line 4177.
Package hyperref Info: Backreferencing OFF on input line 4182.
Package hyperref Info: Implicit mode ON; LaTeX internals redefined.
Package hyperref Info: Bookmarks ON on input line 4408.
\c@Hy@tempcnt=\count298

(/opt/texlive/2022/texmf-dist/tex/latex/url/url.sty
\Urlmuskip=\muskip17
Package: url 2013/09/16  ver 3.4  Verb mode for urls, etc.
)
LaTeX Info: Redefining \url on input line 4746.
\XeTeXLinkMargin=\dimen258

(/opt/texlive/2022/texmf-dist/tex/generic/bitset/bitset.sty
Package: bitset 2019/12/09 v1.3 Handle bit-vector datatype (HO)

(/opt/texlive/2022/texmf-dist/tex/generic/bigintcalc/bigintcalc.sty
Package: bigintcalc 2019/12/15 v1.5 Expandable calculations on big integers (HO
)
))
\Fld@menulength=\count299
\Field@Width=\dimen259
\Fld@charsize=\dimen260
Package hyperref Info: Hyper figures OFF on input line 6024.
Package hyperref Info: Link nesting OFF on input line 6029.
Package hyperref Info: Hyper index ON on input line 6032.
Package hyperref Info: backreferencing OFF on input line 6039.
Package hyperref Info: Link coloring OFF on input line 6044.
Package hyperref Info: Link coloring with OCG OFF on input line 6049.
Package hyperref Info: PDF/A mode OFF on input line 6054.

(/opt/texlive/2022/texmf-dist/tex/latex/base/atbegshi-ltx.sty
Package: atbegshi-ltx 2021/01/10 v1.0c Emulation of the original atbegshi
package with kernel methods
)
\Hy@abspage=\count300
\c@Item=\count301
\c@Hfootnote=\count302
)
Package hyperref Info: Driver (autodetected): hpdftex.

(/opt/texlive/2022/texmf-dist/tex/latex/hyperref/hpdftex.def
File: hpdftex.def 2022-06-20 v7.00s Hyperref driver for pdfTeX

(/opt/texlive/2022/texmf-dist/tex/latex/base/atveryend-ltx.sty
Package: atveryend-ltx 2020/08/19 v1.0a Emulation of the original atveryend pac
kage
with kernel methods
)
\Fld@listcount=\count303
\c@bookmark@seq@number=\count304

(/opt/texlive/2022/texmf-dist/tex/latex/rerunfilecheck/rerunfilecheck.sty
Package: rerunfilecheck 2022-07-10 v1.10 Rerun checks for auxiliary files (HO)

(/opt/texlive/2022/texmf-dist/tex/generic/uniquecounter/uniquecounter.sty
Package: uniquecounter 2019/12/15 v1.4 Provide unlimited unique counter (HO)
)
Package uniquecounter Info: New unique counter `rerunfilecheck' on input line 2
85.
)
\Hy@SectionHShift=\skip55
)
(/opt/texlive/2022/texmf-dist/tex/latex/blindtext/blindtext.sty
Package: blindtext 2012/01/06 V2.0 blindtext-Package

(/opt/texlive/2022/texmf-dist/tex/latex/tools/xspace.sty
Package: xspace 2014/10/28 v1.13 Space after command names (DPC,MH)
)
\c@blindtext=\count305
\c@Blindtext=\count306
\c@blind@countparstart=\count307
\blind@countxx=\count308
\blindtext@numBlindtext=\count309
\blind@countyy=\count310
\c@blindlist=\count311
\c@blindlistlevel=\count312
\c@blindlist@level=\count313
\blind@listitem=\count314
\c@blind@listcount=\count315
\c@blind@levelcount=\count316
\blind@mathformula=\count317
\blind@Mathformula=\count318
\c@blind@randomcount=\count319
\c@blind@randommax=\count320
\c@blind@pangramcount=\count321
\c@blind@pangrammax=\count322
)
(/opt/texlive/2022/texmf-dist/tex/latex/oberdiek/centernot.sty
Package: centernot 2016/05/16 v1.4 Centers the not symbol horizontally (HO)
)
(/opt/texlive/2022/texmf-dist/tex/latex/geometry/geometry.sty
Package: geometry 2020/01/02 v5.9 Page Geometry

(/opt/texlive/2022/texmf-dist/tex/generic/iftex/ifvtex.sty
Package: ifvtex 2019/10/25 v1.7 ifvtex legacy package. Use iftex instead.
)
\Gm@cnth=\count323
\Gm@cntv=\count324
\c@Gm@tempcnt=\count325
\Gm@bindingoffset=\dimen261
\Gm@wd@mp=\dimen262
\Gm@odd@mp=\dimen263
\Gm@even@mp=\dimen264
\Gm@layoutwidth=\dimen265
\Gm@layoutheight=\dimen266
\Gm@layouthoffset=\dimen267
\Gm@layoutvoffset=\dimen268
\Gm@dimlist=\toks42
)
\c@theorem=\count326

(/opt/texlive/2022/texmf-dist/tex/latex/l3backend/l3backend-pdftex.def
File: l3backend-pdftex.def 2022-08-05 L3 backend support: PDF output (pdfTeX)
\l__color_backend_stack_int=\count327
\l__pdf_internal_box=\box64
)
(./Course.aux)
\openout1 = `Course.aux'.

LaTeX Font Info:    Checking defaults for OML/cmm/m/it on input line 37.
LaTeX Font Info:    ... okay on input line 37.
LaTeX Font Info:    Checking defaults for OMS/cmsy/m/n on input line 37.
LaTeX Font Info:    ... okay on input line 37.
LaTeX Font Info:    Checking defaults for OT1/cmr/m/n on input line 37.
LaTeX Font Info:    ... okay on input line 37.
LaTeX Font Info:    Checking defaults for T1/cmr/m/n on input line 37.
LaTeX Font Info:    ... okay on input line 37.
LaTeX Font Info:    Checking defaults for TS1/cmr/m/n on input line 37.
LaTeX Font Info:    ... okay on input line 37.
LaTeX Font Info:    Checking defaults for OMX/cmex/m/n on input line 37.
LaTeX Font Info:    ... okay on input line 37.
LaTeX Font Info:    Checking defaults for U/cmr/m/n on input line 37.
LaTeX Font Info:    ... okay on input line 37.
LaTeX Font Info:    Checking defaults for T2A/cmr/m/n on input line 37.
LaTeX Font Info:    ... okay on input line 37.
LaTeX Font Info:    Checking defaults for PD1/pdf/m/n on input line 37.
LaTeX Font Info:    ... okay on input line 37.
LaTeX Font Info:    Checking defaults for PU/pdf/m/n on input line 37.
LaTeX Font Info:    ... okay on input line 37.
LaTeX Info: Redefining \th on input line 37.

(/opt/texlive/2022/texmf-dist/tex/context/base/mkii/supp-pdf.mkii
[Loading MPS to PDF converter (version 2006.09.02).]
\scratchcounter=\count328
\scratchdimen=\dimen269
\scratchbox=\box65
\nofMPsegments=\count329
\nofMParguments=\count330
\everyMPshowfont=\toks43
\MPscratchCnt=\count331
\MPscratchDim=\dimen270
\MPnumerator=\count332
\makeMPintoPDFobject=\count333
\everyMPtoPDFconversion=\toks44
) (/opt/texlive/2022/texmf-dist/tex/latex/epstopdf-pkg/epstopdf-base.sty
Package: epstopdf-base 2020-01-24 v2.11 Base part for package epstopdf
Package epstopdf-base Info: Redefining graphics rule for `.eps' on input line 4
85.

(/opt/texlive/2022/texmf-dist/tex/latex/latexconfig/epstopdf-sys.cfg
File: epstopdf-sys.cfg 2010/07/13 v1.3 Configuration of (r)epstopdf for TeX Liv
e
))
Package hyperref Info: Link coloring OFF on input line 37.

(./Course.out) (./Course.out)
\@outlinefile=\write5
\openout5 = `Course.out'.


*geometry* driver: auto-detecting
*geometry* detected driver: pdftex
*geometry* verbose mode - [ preamble ] result:
* driver: pdftex
* paper: a4paper
* layout: <same size as paper>
* layoutoffset:(h,v)=(0.0pt,0.0pt)
* modes: 
* h-part:(L,W,R)=(56.9055pt, 483.69684pt, 56.90553pt)
* v-part:(T,H,B)=(56.9055pt, 731.23582pt, 56.90552pt)
* \paperwidth=597.50787pt
* \paperheight=845.04684pt
* \textwidth=483.69684pt
* \textheight=731.23582pt
* \oddsidemargin=-15.36449pt
* \evensidemargin=-15.36449pt
* \topmargin=-52.36449pt
* \headheight=12.0pt
* \headsep=25.0pt
* \topskip=12.0pt
* \footskip=30.0pt
* \marginparwidth=44.0pt
* \marginparsep=10.0pt
* \columnsep=10.0pt
* \skip\footins=10.8pt plus 4.0pt minus 2.0pt
* \hoffset=0.0pt
* \voffset=0.0pt
* \mag=1000
* \@twocolumnfalse
* \@twosidefalse
* \@mparswitchfalse
* \@reversemarginfalse
* (1in=72.27pt=25.4mm, 1cm=28.453pt)

LaTeX Font Info:    Trying to load font information for U+msa on input line 39.

(/opt/texlive/2022/texmf-dist/tex/latex/amsfonts/umsa.fd
File: umsa.fd 2013/01/14 v3.01 AMS symbols A
)
LaTeX Font Info:    Trying to load font information for U+msb on input line 39.


(/opt/texlive/2022/texmf-dist/tex/latex/amsfonts/umsb.fd
File: umsb.fd 2013/01/14 v3.01 AMS symbols B
)
Overfull \hbox (13.37007pt too wide) in paragraph at lines 40--41
\T2A/cmr/m/n/12 над тропическим полукольцом имеют приложения в теории графов, о
тпимизации и биологии.
 []


Overfull \hbox (13.18864pt too wide) in paragraph at lines 48--49
\T2A/cmr/m/it/12 или множество $\U/msb/m/n/12 R[] \OT1/cmr/m/n/12 = \U/msb/m/n/
12 R  \OMS/cmsy/m/n/12 [  f1g$ \T2A/cmr/m/it/12 с другой операцией сложения и и
дентичным умножением: 
 []


Overfull \hbox (1.75832pt too wide) in paragraph at lines 57--58
[][]\T2A/cmr/bx/n/12 Лемма 2.2 \T2A/cmr/m/n/12 (Свойства тропической алгебры, с
м. [[]], [[]], [[]])\T2A/cmr/bx/n/12 . []\T2A/cmr/m/it/12 Тропическая алгебра о
бладает
 []


Overfull \hbox (8.34897pt too wide) in paragraph at lines 72--73
[][]\T2A/cmr/bx/n/12 Определение 2.4. []\T2A/cmr/m/it/12 Граф (в рамках данной 
задачи) $[]$ --- совокупность двух множеств
 []

[1

{/opt/texlive/2022/texmf-var/fonts/map/pdftex/updmap/pdftex.map}]
Overfull \hbox (19.29582pt too wide) in paragraph at lines 90--91
\T2A/cmr/m/it/12 подмножеством вершин $\OML/cmm/m/it/12 U \OMS/cmsy/m/n/12 ^^Z 
\OML/cmm/m/it/12 V$\T2A/cmr/m/it/12 , если ребрами $\OMS/cmsy/m/n/12 H$ \T2A/cm
r/m/it/12 являются те и только те ребра множества
 []


Overfull \hbox (25.59422pt too wide) in paragraph at lines 93--93
[]\T2A/cmr/bx/n/17.28 Примитивность вещественной неотрицательной матрицы 
 []


Overfull \hbox (12.10228pt too wide) in paragraph at lines 95--96
[][]\T2A/cmr/bx/n/12 Определение 3.1. []\T2A/cmr/m/it/12 Вещественная матрица $
\OML/cmm/m/it/12 A$ \T2A/cmr/m/it/12 называется примитивной, если существует
 []


Overfull \hbox (22.75061pt too wide) in paragraph at lines 95--96
\T2A/cmr/m/it/12 натуральное число $\OML/cmm/m/it/12 m$ \T2A/cmr/m/it/12 такое,
 что $\OML/cmm/m/it/12 A[]$ \T2A/cmr/m/it/12 положительна, то есть все числа в 
ней положительны.
 []


Overfull \hbox (0.8918pt too wide) in paragraph at lines 99--100
[][]\T2A/cmr/bx/n/12 Теорема 3.2 \T2A/cmr/m/n/12 (Критерий примитивности матриц
ы, см.[[]])\T2A/cmr/bx/n/12 . []\T2A/cmr/m/it/12 Неотрицательная квадратная
 []


Package hyperref Warning: Token not allowed in a PDF string (Unicode):
(hyperref)                removing `math shift' on input line 110.


Package hyperref Warning: Token not allowed in a PDF string (Unicode):
(hyperref)                removing `\times' on input line 110.


Package hyperref Warning: Token not allowed in a PDF string (Unicode):
(hyperref)                removing `math shift' on input line 110.

[2]
Underfull \hbox (badness 10000) detected at line 133
 []$[]   [] \OMS/cmsy/m/n/12 ^^A [] \OT1/cmr/m/n/12 = [] = []  $ 
 []

[3]
Overfull \hbox (23.3223pt too wide) in paragraph at lines 264--265
[][]\T2A/cmr/bx/n/12 Теорема 4.7 \T2A/cmr/m/n/12 (Вилантда для тропических матр
иц)\T2A/cmr/bx/n/12 . []\T2A/cmr/m/it/12 Если матрица $\OML/cmm/m/it/12 A \OMS/
cmsy/m/n/12 2 \OML/cmm/m/it/12 M[]\OT1/cmr/m/n/12 (\U/msb/m/n/12 R[]\OT1/cmr/m/
n/12 )$ \T2A/cmr/m/it/12 примитивна,
 []

[4]
Overfull \hbox (9.29538pt too wide) in paragraph at lines 304--305
[]\T2A/cmr/m/n/12 Степени тропических матриц интересны по многим причинам, в то
м числе по следующей: 
 []


Package hyperref Warning: Token not allowed in a PDF string (Unicode):
(hyperref)                removing `math shift' on input line 322.


Package hyperref Warning: Token not allowed in a PDF string (Unicode):
(hyperref)                removing `\times' on input line 322.


Package hyperref Warning: Token not allowed in a PDF string (Unicode):
(hyperref)                removing `math shift' on input line 322.

Excluding 'comment' comment.
Overfull \hbox (35.31886pt too wide) in paragraph at lines 374--375
[][]\T2A/cmr/bx/n/12 Определение 6.1. []\T2A/cmr/m/it/12 Граф $\OMS/cmsy/m/n/12
 G[]$ \T2A/cmr/m/it/12 гомоморфен графу $\OMS/cmsy/m/n/12 G[]$\T2A/cmr/m/it/12 
, если существует сюръективное отображение
 []

[5]
Overfull \hbox (41.90775pt too wide) in paragraph at lines 383--384
[]\T2A/cmr/m/it/12 Если $\OMS/cmsy/m/n/12 G$ \T2A/cmr/m/it/12 сильно связен, и 
$\OMS/cmsy/m/n/12 j\OML/cmm/m/it/12 V\OT1/cmr/m/n/12 (\OMS/cmsy/m/n/12 G\OT1/cm
r/m/n/12 )\OMS/cmsy/m/n/12 j ^^U \OT1/cmr/m/n/12 2$\T2A/cmr/m/it/12 , то циклич
ность равна НОД всех длин ориентированных
 []


Overfull \hbox (39.67348pt too wide) in paragraph at lines 385--386
[]\T2A/cmr/m/it/12 Если $\OMS/cmsy/m/n/12 G$ \T2A/cmr/m/it/12 не сильно связен,
 то его цикличность равна НОК цикличностей всех максимальных
 []


Overfull \hbox (24.22987pt too wide) in paragraph at lines 388--389
[][]\T2A/cmr/bx/n/12 Замечание 6.4 \T2A/cmr/m/n/12 (Переформулировка критерия п
римитивности, см.[[]])\T2A/cmr/bx/n/12 . []\T2A/cmr/m/it/12 Тропическая матрица

 []


Overfull \hbox (42.12346pt too wide) in paragraph at lines 405--406
[][]\T2A/cmr/bx/n/12 Определение 6.7. []\T2A/cmr/m/it/12 Ориентированный цикл н
азывается критическим, если у него максимальный
 []


Overfull \hbox (17.34744pt too wide) in paragraph at lines 418--418
[][]\T2A/cmr/bx/n/12 Определение 7.2. []\T2A/cmr/m/it/12 Графом Виландта называ
ется ориентированный граф на $\OML/cmm/m/it/12 n \OMS/cmsy/m/n/12 ^^U \OT1/cmr/
m/n/12 2$ \T2A/cmr/m/it/12 вершинах
 []

[6]
Overfull \hbox (36.40782pt too wide) in paragraph at lines 465--466
[]\T2A/cmr/m/it/12 Назовем тропическую матрицу $\OML/cmm/m/it/12 A$ \T2A/cmr/m/
it/12 (или соответствующий ей граф) полностью разложимой,
 []

[7]
Overfull \hbox (30.82767pt too wide) in paragraph at lines 509--510
[]\T2A/cmr/m/n/12 Если матрицы $\OML/cmm/m/it/12 C; S; R$ \T2A/cmr/m/n/12 опред
елены через матрицу $\OML/cmm/m/it/12 A$\T2A/cmr/m/n/12 , будем писать $\OML/cm
m/m/it/12 CS[]R\OT1/cmr/m/n/12 [\OML/cmm/m/it/12 A\OT1/cmr/m/n/12 ]$ \T2A/cmr/m
/n/12 для произвольного
 []

[8] [9]
<ForwardCycle.png, id=282, 478.03593pt x 441.90094pt>
File: ForwardCycle.png Graphic file (type png)
<use ForwardCycle.png>
Package pdftex.def Info: ForwardCycle.png  used on input line 634.
(pdftex.def)             Requested size: 290.22105pt x 268.28477pt.


LaTeX Warning: `h' float specifier changed to `ht'.

<BidirectionalCycle.png, id=284, 478.03593pt x 442.65375pt>
File: BidirectionalCycle.png Graphic file (type png)
<use BidirectionalCycle.png>
Package pdftex.def Info: BidirectionalCycle.png  used on input line 655.
(pdftex.def)             Requested size: 290.22105pt x 268.7418pt.

LaTeX Warning: `h' float specifier changed to `ht'.

[10] [11 <./ForwardCycle.png (PNG copy)>] [12 <./BidirectionalCycle.png (PNG co
py)>]
<2Cycles.png, id=312, 512.66531pt x 301.125pt>
File: 2Cycles.png Graphic file (type png)
<use 2Cycles.png>
Package pdftex.def Info: 2Cycles.png  used on input line 732.
(pdftex.def)             Requested size: 290.22105pt x 170.46675pt.

Overfull \hbox (2.9278pt too wide) in paragraph at lines 737--738
[]\T2A/cmr/m/n/12 Следовательно, при $\OML/cmm/m/it/12 t \OMS/cmsy/m/n/12 ^^U \
OML/cmm/m/it/12 T\OT1/cmr/m/n/12 (\OML/cmm/m/it/12 A\OT1/cmr/m/n/12 )$ \T2A/cmr
/m/n/12 верно $\OML/cmm/m/it/12 CS[]R\OT1/cmr/m/n/12 [\OML/cmm/m/it/12 A\OT1/cm
r/m/n/12 ] = \OML/cmm/m/it/12 A[]A[]A[] \OT1/cmr/m/n/12 = \OML/cmm/m/it/12 A[]$
\T2A/cmr/m/n/12 . Так как для произвольных
 []

[13 <./2Cycles.png (PNG copy)>]
Overfull \hbox (6.34476pt too wide) in paragraph at lines 783--783
[]\T2A/cmr/m/n/12 Для доказательства утверждения надо показать, что для любых $
\OML/cmm/m/it/12 x; y$ \T2A/cmr/m/n/12 существует решение
 []

[14] [15]

Package hyperref Warning: Token not allowed in a PDF string (Unicode):
(hyperref)                removing `math shift' on input line 870.


Package hyperref Warning: Token not allowed in a PDF string (Unicode):
(hyperref)                removing `math shift' on input line 870.


Package hyperref Warning: Token not allowed in a PDF string (Unicode):
(hyperref)                removing `math shift' on input line 870.


Package hyperref Warning: Token not allowed in a PDF string (Unicode):
(hyperref)                removing `math shift' on input line 870.

[16]
Overfull \hbox (8.33635pt too wide) in paragraph at lines 888--889
[]\T2A/cmr/m/n/12 По утверждению []8.9[] выполняется равенство $\OML/cmm/m/it/1
2 CS[]R \OT1/cmr/m/n/12 = \OML/cmm/m/it/12 CS[]R$\T2A/cmr/m/n/12 . Значит, $\OM
L/cmm/m/it/12 CS[]R \OT1/cmr/m/n/12 = \OML/cmm/m/it/12 CS[]R \OT1/cmr/m/n/12 =
 []

<negativeCycles.png, id=349, 462.22687pt x 236.38312pt>
File: negativeCycles.png Graphic file (type png)
<use negativeCycles.png>
Package pdftex.def Info: negativeCycles.png  used on input line 896.
(pdftex.def)             Requested size: 338.5863pt x 173.15338pt.

Overfull \hbox (9.71211pt too wide) in paragraph at lines 906--907
[]\T2A/cmr/m/n/12 В этом примере матрица $\OML/cmm/m/it/12 B$ \T2A/cmr/m/n/12 н
етривиальна: она получается из $\OML/cmm/m/it/12 A$ \T2A/cmr/m/n/12 заменой
 []

[17 <./negativeCycles.png (PNG copy)>]
Overfull \hbox (2.31349pt too wide) in paragraph at lines 946--947
\OT1/cmr/m/n/12 1$ \T2A/cmr/m/n/12 вершин. Пусть вершина, в которой пересекаютс
я все циклы, имеет номер $\OT1/cmr/m/n/12 1$\T2A/cmr/m/n/12 . Пронумеруем
 []

[18]

Package hyperref Warning: Token not allowed in a PDF string (Unicode):
(hyperref)                removing `math shift' on input line 950.


Package hyperref Warning: Token not allowed in a PDF string (Unicode):
(hyperref)                removing `math shift' on input line 950.


Overfull \hbox (10.47202pt too wide) in paragraph at lines 962--963
[]\T2A/cmr/m/n/12 Таким образом, при расчјте границы $\OML/cmm/m/it/12 T$ \T2A/
cmr/m/n/12 для произвольной ромашки достаточно посчитать
 []


Overfull \hbox (13.58383pt too wide) in paragraph at lines 966--967
[][]\T2A/cmr/bx/n/12 Замечание 10.3. []\T2A/cmr/m/it/12 При $\OML/cmm/m/it/12 ^
^[ \OT1/cmr/m/n/12 = 1$ $(\OML/cmm/m/it/12 a[]; [] ; a[]\OT1/cmr/m/n/12 ; 1)$\T
2A/cmr/m/it/12 -ромашка примитивна. Более того, выполняются
 []


Overfull \hbox (30.66917pt too wide) in paragraph at lines 971--972
\OML/cmm/m/it/12 a[]$ \T2A/cmr/m/it/12 обозначим через $\OML/cmm/m/it/12 P\OT1/
cmr/m/n/12 (\OML/cmm/m/it/12 a[]; [] ; a[]\OT1/cmr/m/n/12 )$ \T2A/cmr/m/it/12 м
инимальное целое неотрицательное число, удовлетворяющее
 []


Overfull \hbox (59.23645pt too wide) in paragraph at lines 973--974
[]\T2A/cmr/m/it/12 Число, выражающееся в виде линейной комбинации чисел $\OML/c
mm/m/it/12 a[]; [] ; a[]$ \T2A/cmr/m/it/12 с целыми неотрицательными
 []

[19]
Overfull \hbox (13.76195pt too wide) in paragraph at lines 998--999
[][]\T2A/cmr/bx/n/12 Следствие 10.6 \T2A/cmr/m/n/12 (Корректность функции $\OML
/cmm/m/it/12 P$\T2A/cmr/m/n/12 )\T2A/cmr/bx/n/12 . []\T2A/cmr/m/it/12 Функция $
\OML/cmm/m/it/12 P$ \T2A/cmr/m/it/12 определена корректно: еј значение
 []

[20]
Overfull \hbox (2.19308pt too wide) in paragraph at lines 1069--1070
[]\T2A/cmr/m/n/12 Разберјм второй случай: $\OML/cmm/m/it/12 a$ \T2A/cmr/m/n/12 
нечјтно. Неравенство $\OML/cmm/m/it/12 P\OT1/cmr/m/n/12 (2\OML/cmm/m/it/12 ; a;
 b\OT1/cmr/m/n/12 ) \OMS/cmsy/m/n/12 ^^T \OML/cmm/m/it/12 P\OT1/cmr/m/n/12 (2\O
ML/cmm/m/it/12 ; a\OT1/cmr/m/n/12 )$ \T2A/cmr/m/n/12 следует из свойства
 []

[21]

Package hyperref Warning: Token not allowed in a PDF string (Unicode):
(hyperref)                removing `math shift' on input line 1130.


Package hyperref Warning: Token not allowed in a PDF string (Unicode):
(hyperref)                removing `math shift' on input line 1130.

[22]
Overfull \hbox (3.53946pt too wide) in paragraph at lines 1160--1161
[]\T2A/cmr/m/it/12 Проверим каждое значение $\OML/cmm/m/it/12 p$ \T2A/cmr/m/it/
12 от $\OT1/cmr/m/n/12 1$ \T2A/cmr/m/it/12 до $\OML/cmm/m/it/12 ANS \OT1/cmr/m/
n/12 + \OML/cmm/m/it/12 a[]$ \T2A/cmr/m/it/12 на выразимость. Для этого перебер
јм
 []


Package hyperref Warning: Token not allowed in a PDF string (Unicode):
(hyperref)                removing `math shift' on input line 1174.


Package hyperref Warning: Token not allowed in a PDF string (Unicode):
(hyperref)                removing `math shift' on input line 1174.


Overfull \hbox (6.50517pt too wide) in paragraph at lines 1179--1180
[][]\T2A/cmr/bx/n/12 Утверждение 10.18. []\T2A/cmr/m/it/12 Функция $\OML/cmm/m/
it/12 P\OT1/cmr/m/n/12 (\OML/cmm/m/it/12 a[]; [] ; a[]\OT1/cmr/m/n/12 )$ \T2A/c
mr/m/it/12 оценивается сверху следующими функциями: 
 []


Overfull \hbox (26.08067pt too wide) in paragraph at lines 1188--1189
[]\T2A/cmr/m/n/12 По замечанию []10.3[] граница $\OML/cmm/m/it/12 T$ \T2A/cmr/m
/n/12 данной ромашки совпадает с еј экспонентой,
 []


Overfull \hbox (3.95825pt too wide) in paragraph at lines 1188--1189
\T2A/cmr/m/n/12 которая по теореме []8.11[] оценивается сверху числом Виландта 
от количества вершин $\OML/cmm/m/it/12 Wi\OT1/cmr/m/n/12 (\OML/cmm/m/it/12 N\OT
1/cmr/m/n/12 )$\T2A/cmr/m/n/12 ,
 []


Overfull \hbox (26.04466pt too wide) in paragraph at lines 1199--1200
[]\T2A/cmr/m/n/12 При подстановке $\OML/cmm/m/it/12 Wi\OT1/cmr/m/n/12 (\OML/cmm
/m/it/12 N\OT1/cmr/m/n/12 ) + 2\OML/cmm/m/it/12 a[] \OMS/cmsy/m/n/12 ^^@ \OT1/c
mr/m/n/12 2$ \T2A/cmr/m/n/12 вместо функции $\OML/cmm/m/it/12 ANS$ \T2A/cmr/m/n
/12 имеем асимптотику
 []

[23]

Package hyperref Warning: Token not allowed in a PDF string (Unicode):
(hyperref)                removing `math shift' on input line 1208.


Package hyperref Warning: Token not allowed in a PDF string (Unicode):
(hyperref)                removing `math shift' on input line 1208.


LaTeX Warning: Command \textbackslash invalid in math mode on input line 1222.


Overfull \hbox (16.12262pt too wide) in paragraph at lines 1222--1223
\T2A/cmr/m/n/12 индуцированный подграф исходного графа $\OMS/cmsy/m/n/12 G$\T2A
/cmr/m/n/12 , порожденный множеством вершин $\OML/cmm/m/it/12 V\OT1/cmr/m/n/12 
(\OMS/cmsy/m/n/12 G\OT1/cmr/m/n/12 )\OMS/cmsy/m/n/12 n\OML/cmm/m/it/12 V\OT1/cm
r/m/n/12 (\OMS/cmsy/m/n/12 G[]\OT1/cmr/m/n/12 )$\T2A/cmr/m/n/12 . 
 []

[24]
Overfull \hbox (22.94853pt too wide) in paragraph at lines 1304--1305
\T2A/cmr/m/n/12 либо соединяет текущий подграф с другим. Переберем все возможны
е варианты расположения
 []

Excluding 'comment' comment. [25]
Overfull \hbox (33.54948pt too wide) in paragraph at lines 1362--1363
[]$\OMS/cmsy/m/n/12 W\OT1/cmr/m/n/12 (\OML/cmm/m/it/12 i [] j\OT1/cmr/m/n/12 )$
\T2A/cmr/m/n/12 , $\OMS/cmsy/m/n/12 W[]\OT1/cmr/m/n/12 (\OML/cmm/m/it/12 i [] j
\OT1/cmr/m/n/12 )$\T2A/cmr/m/n/12 , $\OMS/cmsy/m/n/12 W[]\OT1/cmr/m/n/12 (\OML/
cmm/m/it/12 i [] j\OT1/cmr/m/n/12 )$ \T2A/cmr/m/n/12 --- аналогично предыдущему
 пункту, но с дополнительным
 []


Underfull \hbox (badness 3679) in paragraph at lines 1394--1397
[]\T2A/cmr/m/n/12 Ю.А. Альпин, И.В. Башкин. \T2A/cmr/m/it/12 Неотрицательные це
пные матрицы \T2A/cmr/m/n/12 Казанский
 []

[26] [27] (./Course.aux)
Package rerunfilecheck Info: File `Course.out' has not changed.
(rerunfilecheck)             Checksum: 68CEE964A2793B3F11008544427A1678;6150.
 ) 
Here is how much of TeX's memory you used:
 23287 strings out of 477678
 424322 string characters out of 5832469
 727943 words of memory out of 5000000
 41457 multiletter control sequences out of 15000+600000
 493243 words of font info for 84 fonts, out of 8000000 for 9000
 1141 hyphenation exceptions out of 8191
 100i,18n,104p,1315b,599s stack positions out of 10000i,1000n,20000p,200000b,200000s

pdfTeX warning (dest): name{theorem.10.16} has been referenced but does not exi
st, replaced by a fixed one

{/opt/texlive/2022/texmf-dist/fonts/enc/dvips/cm-super/cm-super-t2a.enc}{/opt/t
exlive/2022/texmf-dist/fonts/enc/dvips/cm-super/cm-super-ts1.enc}</opt/texlive/
2022/texmf-dist/fonts/type1/public/amsfonts/cm/cmex10.pfb></opt/texlive/2022/te
xmf-dist/fonts/type1/public/amsfonts/cm/cmmi12.pfb></opt/texlive/2022/texmf-dis
t/fonts/type1/public/amsfonts/cm/cmmi6.pfb></opt/texlive/2022/texmf-dist/fonts/
type1/public/amsfonts/cm/cmmi8.pfb></opt/texlive/2022/texmf-dist/fonts/type1/pu
blic/amsfonts/cm/cmr12.pfb></opt/texlive/2022/texmf-dist/fonts/type1/public/ams
fonts/cm/cmr6.pfb></opt/texlive/2022/texmf-dist/fonts/type1/public/amsfonts/cm/
cmr8.pfb></opt/texlive/2022/texmf-dist/fonts/type1/public/amsfonts/cm/cmsy10.pf
b></opt/texlive/2022/texmf-dist/fonts/type1/public/amsfonts/cm/cmsy6.pfb></opt/
texlive/2022/texmf-dist/fonts/type1/public/amsfonts/cm/cmsy8.pfb></opt/texlive/
2022/texmf-dist/fonts/type1/public/amsfonts/symbols/msbm10.pfb></opt/texlive/20
22/texmf-dist/fonts/type1/public/cm-super/sfbi1200.pfb></opt/texlive/2022/texmf
-dist/fonts/type1/public/cm-super/sfbx1200.pfb></opt/texlive/2022/texmf-dist/fo
nts/type1/public/cm-super/sfbx1440.pfb></opt/texlive/2022/texmf-dist/fonts/type
1/public/cm-super/sfbx1728.pfb></opt/texlive/2022/texmf-dist/fonts/type1/public
/cm-super/sfrm1200.pfb></opt/texlive/2022/texmf-dist/fonts/type1/public/cm-supe
r/sfrm1440.pfb></opt/texlive/2022/texmf-dist/fonts/type1/public/cm-super/sfrm20
74.pfb></opt/texlive/2022/texmf-dist/fonts/type1/public/cm-super/sfti1200.pfb>
Output written on Course.pdf (27 pages, 537946 bytes).
PDF statistics:
 610 PDF objects out of 1000 (max. 8388607)
 532 compressed objects within 6 object streams
 214 named destinations out of 1000 (max. 500000)
 257 words of extra memory for PDF output out of 10000 (max. 10000000)

