\BOOKMARK [1][-]{section.1}{\376\377\004\022\004\062\004\065\004\064\004\065\004\075\004\070\004\065}{}% 1
\BOOKMARK [1][-]{section.2}{\376\377\004\036\004\077\004\100\004\065\004\064\004\065\004\073\004\065\004\075\004\070\004\117}{}% 2
\BOOKMARK [1][-]{section.3}{\376\377\004\037\004\100\004\070\004\074\004\070\004\102\004\070\004\062\004\075\004\076\004\101\004\102\004\114\000\040\004\062\004\065\004\111\004\065\004\101\004\102\004\062\004\065\004\075\004\075\004\076\004\071\000\040\004\075\004\065\004\076\004\102\004\100\004\070\004\106\004\060\004\102\004\065\004\073\004\114\004\075\004\076\004\071\000\040\004\074\004\060\004\102\004\100\004\070\004\106\004\113}{}% 3
\BOOKMARK [1][-]{section.4}{\376\377\004\037\004\100\004\070\004\074\004\070\004\102\004\070\004\062\004\075\004\076\004\101\004\102\004\114\000\040\004\102\004\100\004\076\004\077\004\070\004\107\004\065\004\101\004\072\004\070\004\105\000\040\004\074\004\060\004\102\004\100\004\070\004\106}{}% 4
\BOOKMARK [2][-]{subsection.4.1}{\376\377\004\034\004\060\004\102\004\100\004\070\004\106\004\113\000\040\0002\0002}{section.4}% 5
\BOOKMARK [2][-]{subsection.4.2}{\376\377\004\036\004\061\004\076\004\061\004\111\004\065\004\075\004\070\004\065\000\040\004\102\004\065\004\076\004\100\004\065\004\074\004\113\000\040\004\022\004\070\004\073\004\060\004\075\004\064\004\102\004\060\000\040\004\075\004\060\000\040\004\102\004\100\004\076\004\077\004\070\004\107\004\065\004\101\004\072\004\070\004\065\000\040\004\074\004\060\004\102\004\100\004\070\004\106\004\113}{section.4}% 6
\BOOKMARK [1][-]{section.5}{\376\377\004\037\004\100\004\070\004\074\004\070\004\102\004\070\004\062\004\075\004\076\004\101\004\102\004\114\000\040\004\102\004\100\004\076\004\077\004\070\004\107\004\065\004\101\004\072\004\070\004\105\000\040\004\074\004\060\004\102\004\100\004\070\004\106\000\040\004\070\000\040\004\063\004\100\004\060\004\104\004\113}{}% 7
\BOOKMARK [2][-]{subsection.5.1}{\376\377\004\034\004\060\004\102\004\100\004\070\004\106\004\113\000\040\0002\0002}{section.5}% 8
\BOOKMARK [2][-]{subsection.5.2}{\376\377\004\036\004\061\004\111\004\070\004\071\000\040\004\101\004\073\004\103\004\107\004\060\004\071}{section.5}% 9
\BOOKMARK [1][-]{section.6}{\376\377\004\030\004\075\004\064\004\065\004\072\004\101\000\040\004\106\004\070\004\072\004\073\004\070\004\107\004\075\004\076\004\101\004\102\004\070}{}% 10
\BOOKMARK [1][-]{section.7}{\376\377\004\041\004\072\004\100\004\060\004\074\004\061\004\073\004\070\004\075\004\063\000\040\004\070\004\075\004\064\004\065\004\072\004\101}{}% 11
\BOOKMARK [1][-]{section.8}{\376\377\000C\000S\000R\000-\004\064\004\065\004\072\004\076\004\074\004\077\004\076\004\067\004\070\004\106\004\070\004\117\000\040\004\070\000\040\004\101\004\073\004\060\004\061\004\076\004\065\000\040\000C\000S\000R\000-\004\100\004\060\004\101\004\110\004\070\004\100\004\065\004\075\004\070\004\065}{}% 12
\BOOKMARK [2][-]{subsection.8.1}{\376\377\004\035\004\065\004\076\004\061\004\105\004\076\004\064\004\070\004\074\004\113\004\065\000\040\004\076\004\077\004\100\004\065\004\064\004\065\004\073\004\065\004\075\004\070\004\117}{section.8}% 13
\BOOKMARK [2][-]{subsection.8.2}{\376\377\004\034\004\060\004\102\004\100\004\070\004\106\004\113\000\040\000C\000S\000R}{section.8}% 14
\BOOKMARK [1][-]{section.9}{\376\377\004\037\004\100\004\070\004\074\004\065\004\100\004\113}{}% 15
\BOOKMARK [2][-]{subsection.9.1}{\376\377\004\037\004\076\004\073\004\075\004\113\004\071\000\040\004\063\004\100\004\060\004\104}{section.9}% 16
\BOOKMARK [2][-]{subsection.9.2}{\376\377\004\036\004\064\004\075\004\076\004\101\004\102\004\076\004\100\004\076\004\075\004\075\004\070\004\071\000\040\004\106\004\070\004\072\004\073}{section.9}% 17
\BOOKMARK [2][-]{subsection.9.3}{\376\377\004\024\004\062\004\103\004\101\004\102\004\076\004\100\004\076\004\075\004\075\004\070\004\071\000\040\004\106\004\070\004\072\004\073}{section.9}% 18
\BOOKMARK [2][-]{subsection.9.4}{\376\377\004\024\004\062\004\060\000\040\004\106\004\070\004\072\004\073\004\060}{section.9}% 19
\BOOKMARK [2][-]{subsection.9.5}{\376\377\000\040\004\040\004\076\004\074\004\060\004\110\004\072\004\060\000\040\004\070\004\067\000\040\000p\000\040\004\106\004\070\004\072\004\073\004\076\004\062\000\040\004\064\004\073\004\070\004\075\004\113\000\040\000k}{section.9}% 20
\BOOKMARK [2][-]{subsection.9.6}{\376\377\004\040\004\076\004\074\004\060\004\110\004\072\004\060\000\040\004\101\000\040\004\076\004\102\004\100\004\070\004\106\004\060\004\102\004\065\004\073\004\114\004\075\004\113\004\074\004\070\000\040\004\106\004\070\004\072\004\073\004\060\004\074\004\070}{section.9}% 21
\BOOKMARK [2][-]{subsection.9.7}{\376\377\004\027\004\060\004\072\004\073\004\116\004\107\004\065\004\075\004\070\004\065}{section.9}% 22
\BOOKMARK [1][-]{section.10}{\376\377\004\040\004\060\004\067\004\075\004\113\004\065\000\040\004\100\004\076\004\074\004\060\004\110\004\072\004\070}{}% 23
\BOOKMARK [2][-]{subsection.10.1}{\376\377\004\037\004\076\004\064\004\101\004\107\004\065\004\102\000\040\004\063\004\100\004\060\004\075\004\070\004\106\004\113\000\040\000T\000\040\004\062\004\100\004\103\004\107\004\075\004\103\004\116}{section.10}% 24
\BOOKMARK [2][-]{subsection.10.2}{\376\377\004\020\004\073\004\063\004\076\004\100\004\070\004\102\004\074\000\040\004\062\004\113\004\107\004\070\004\101\004\073\004\065\004\075\004\070\004\117\000\040\004\104\004\103\004\075\004\072\004\106\004\070\004\070\000\040\000P}{section.10}% 25
\BOOKMARK [2][-]{subsection.10.3}{\376\377\004\022\004\065\004\100\004\105\004\075\004\070\004\065\000\040\004\076\004\106\004\065\004\075\004\072\004\070\000\040\004\104\004\103\004\075\004\072\004\106\004\070\004\070\000\040\000P}{section.10}% 26
\BOOKMARK [1][-]{section.11}{\376\377\004\023\004\100\004\060\004\075\004\070\004\106\004\113\000\040\000T\000\040\004\070\000\040\004\101\004\072\004\100\004\060\004\074\004\061\004\073\004\070\004\075\004\063\000-\004\070\004\075\004\064\004\065\004\072\004\101}{}% 27
\BOOKMARK [1][-]{section.12}{\376\377\004\036\004\061\004\076\004\067\004\075\004\060\004\107\004\065\004\075\004\070\004\117}{}% 28
